<testsuite failures="1" name="com/api/automation/postRequest/createJobEntry.feature" skipped="0" tests="9" time="1.350946">
  <testcase classname="com.api.automation.postRequest.createJobEntry" name="Create a job entry" time="0.087893">
    <system-out>Given url "http://localhost:9897" ......................................... passed
And headers {Accept : 'application/json', Content-Type : 'application/json'} . passed
Given path '/normal/webapi/add' ........................................... passed
And request { 		"jobId": 5, 		"jobTitle": "Software Engg - Part2", 		"project": [ 			{ 				"technology": [ 					"Kotlin", 					"SQL Lite", 					"Gradle", 					"No Sql" 				], 				"projectName": "Movie App" 			} 		], 		"jobDescription": "To develop andriod application", 		"experience": [ 			"Google", 			"Apple", 			"Mobile Iron", 			"Facebook" 		] 	} . passed
When method post .......................................................... passed
Then status 201 ........................................................... passed
And print response ........................................................ passed
And match response.jobTitle == 'Software Engg - Part2' .................... passed
* def actualJobID = response.jobId ........................................ passed</system-out>
  </testcase>
  <testcase classname="com.api.automation.postRequest.createJobEntry" name="Delete the job entry tagged with tag1" time="0.511923">
    <failure message="createJobEntry.feature:25 - status code was: 404, expected: 200, response time: 222, url: http://localhost:9897/normal/webapi/remove/5, response: {&quot;message&quot;:&quot;Entry with id = 5 not found&quot;}">Given url "http://localhost:9897" ......................................... passed
And headers {Accept : 'application/json', Content-Type : 'application/json'} . passed
Given path '/normal/webapi/add' ........................................... passed
And request { 		"jobId": 5, 		"jobTitle": "Software Engg - Part2", 		"project": [ 			{ 				"technology": [ 					"Kotlin", 					"SQL Lite", 					"Gradle", 					"No Sql" 				], 				"projectName": "Movie App" 			} 		], 		"jobDescription": "To develop andriod application", 		"experience": [ 			"Google", 			"Apple", 			"Mobile Iron", 			"Facebook" 		] 	} . passed
When method post .......................................................... passed
Then status 201 ........................................................... passed
And print response ........................................................ passed
And match response.jobTitle == 'Software Engg - Part2' .................... passed
* def actualJobID = response.jobId ........................................ passed
Given url "http://localhost:9897" ......................................... passed
And headers {Accept : 'application/json', Content-Type : 'application/json'} . passed
* def postResp = call read("createJobEntry.feature@tag1") ................. passed
* def jobId = postResp.actualJobID ........................................ passed
And path '/normal/webapi/remove/'+jobId ................................... passed
When method delete ........................................................ passed
Then status 200 ........................................................... failed

Stack Trace:
com.intuit.karate.exception.KarateException: createJobEntry.feature:25 - status code was: 404, expected: 200, response time: 222, url: http://localhost:9897/normal/webapi/remove/5, response: {"message":"Entry with id = 5 not found"}&#13;
	at ✽.Then status 200 (createJobEntry.feature:25)</failure>
  </testcase>
  <testcase classname="com.api.automation.postRequest.createJobEntry" name="Create a job entry with payload from external file" time="0.091647">
    <system-out>Given url "http://localhost:9897" ......................................... passed
And headers {Accept : 'application/json', Content-Type : 'application/json'} . passed
Given path '/normal/webapi/add' ........................................... passed
And request { 		"jobId": 5, 		"jobTitle": "Software Engg - Part2", 		"project": [ 			{ 				"technology": [ 					"Kotlin", 					"SQL Lite", 					"Gradle", 					"No Sql" 				], 				"projectName": "Movie App" 			} 		], 		"jobDescription": "To develop andriod application", 		"experience": [ 			"Google", 			"Apple", 			"Mobile Iron", 			"Facebook" 		] 	} . passed
When method post .......................................................... passed
Then status 201 ........................................................... passed
And print response ........................................................ passed
And match response.jobTitle == 'Software Engg - Part2' .................... passed
* def actualJobID = response.jobId ........................................ passed
Given url "http://localhost:9897" ......................................... passed
And headers {Accept : 'application/json', Content-Type : 'application/json'} . passed
* def postResp = call read("createJobEntry.feature@tag1") ................. passed
* def jobId = postResp.actualJobID ........................................ passed
And path '/normal/webapi/remove/'+jobId ................................... passed
When method delete ........................................................ passed
Then status 200 ........................................................... failed

Stack Trace:
com.intuit.karate.exception.KarateException: createJobEntry.feature:25 - status code was: 404, expected: 200, response time: 222, url: http://localhost:9897/normal/webapi/remove/5, response: {"message":"Entry with id = 5 not found"}&#13;
	at ✽.Then status 200 (createJobEntry.feature:25)&#13;

Given url "http://localhost:9897" ......................................... passed
And headers {Accept : 'application/json', Content-Type : 'application/json'} . passed
Given path '/normal/webapi/add' ........................................... passed
* def payload = read("data/jobEntry.json") ................................ passed
And request payload ....................................................... passed
When method post .......................................................... passed
Then status 201 ........................................................... passed
And print response ........................................................ passed
And match response.jobTitle == 'Software Engg - Part2' .................... passed
* def actualJobID = response.jobId ........................................ passed</system-out>
  </testcase>
  <testcase classname="com.api.automation.postRequest.createJobEntry" name="Delete the job entry tagged with tag2" time="0.156213">
    <system-out>Given url "http://localhost:9897" ......................................... passed
And headers {Accept : 'application/json', Content-Type : 'application/json'} . passed
Given path '/normal/webapi/add' ........................................... passed
And request { 		"jobId": 5, 		"jobTitle": "Software Engg - Part2", 		"project": [ 			{ 				"technology": [ 					"Kotlin", 					"SQL Lite", 					"Gradle", 					"No Sql" 				], 				"projectName": "Movie App" 			} 		], 		"jobDescription": "To develop andriod application", 		"experience": [ 			"Google", 			"Apple", 			"Mobile Iron", 			"Facebook" 		] 	} . passed
When method post .......................................................... passed
Then status 201 ........................................................... passed
And print response ........................................................ passed
And match response.jobTitle == 'Software Engg - Part2' .................... passed
* def actualJobID = response.jobId ........................................ passed
Given url "http://localhost:9897" ......................................... passed
And headers {Accept : 'application/json', Content-Type : 'application/json'} . passed
* def postResp = call read("createJobEntry.feature@tag1") ................. passed
* def jobId = postResp.actualJobID ........................................ passed
And path '/normal/webapi/remove/'+jobId ................................... passed
When method delete ........................................................ passed
Then status 200 ........................................................... failed

Stack Trace:
com.intuit.karate.exception.KarateException: createJobEntry.feature:25 - status code was: 404, expected: 200, response time: 222, url: http://localhost:9897/normal/webapi/remove/5, response: {"message":"Entry with id = 5 not found"}&#13;
	at ✽.Then status 200 (createJobEntry.feature:25)&#13;

Given url "http://localhost:9897" ......................................... passed
And headers {Accept : 'application/json', Content-Type : 'application/json'} . passed
Given path '/normal/webapi/add' ........................................... passed
* def payload = read("data/jobEntry.json") ................................ passed
And request payload ....................................................... passed
When method post .......................................................... passed
Then status 201 ........................................................... passed
And print response ........................................................ passed
And match response.jobTitle == 'Software Engg - Part2' .................... passed
* def actualJobID = response.jobId ........................................ passed
Given url "http://localhost:9897" ......................................... passed
And headers {Accept : 'application/json', Content-Type : 'application/json'} . passed
* def postResp = call read("createJobEntry.feature@tag2") ................. passed
* def jobId = postResp.actualJobID ........................................ passed
And path '/normal/webapi/remove/'+jobId ................................... passed
And method delete ......................................................... passed
And status 200 ............................................................ passed</system-out>
  </testcase>
  <testcase classname="com.api.automation.postRequest.createJobEntry" name="Create a job entry using multiple data parameterization" time="0.079679">
    <system-out>Given url "http://localhost:9897" ......................................... passed
And headers {Accept : 'application/json', Content-Type : 'application/json'} . passed
Given path '/normal/webapi/add' ........................................... passed
And request { 		"jobId": 5, 		"jobTitle": "Software Engg - Part2", 		"project": [ 			{ 				"technology": [ 					"Kotlin", 					"SQL Lite", 					"Gradle", 					"No Sql" 				], 				"projectName": "Movie App" 			} 		], 		"jobDescription": "To develop andriod application", 		"experience": [ 			"Google", 			"Apple", 			"Mobile Iron", 			"Facebook" 		] 	} . passed
When method post .......................................................... passed
Then status 201 ........................................................... passed
And print response ........................................................ passed
And match response.jobTitle == 'Software Engg - Part2' .................... passed
* def actualJobID = response.jobId ........................................ passed
Given url "http://localhost:9897" ......................................... passed
And headers {Accept : 'application/json', Content-Type : 'application/json'} . passed
* def postResp = call read("createJobEntry.feature@tag1") ................. passed
* def jobId = postResp.actualJobID ........................................ passed
And path '/normal/webapi/remove/'+jobId ................................... passed
When method delete ........................................................ passed
Then status 200 ........................................................... failed

Stack Trace:
com.intuit.karate.exception.KarateException: createJobEntry.feature:25 - status code was: 404, expected: 200, response time: 222, url: http://localhost:9897/normal/webapi/remove/5, response: {"message":"Entry with id = 5 not found"}&#13;
	at ✽.Then status 200 (createJobEntry.feature:25)&#13;

Given url "http://localhost:9897" ......................................... passed
And headers {Accept : 'application/json', Content-Type : 'application/json'} . passed
Given path '/normal/webapi/add' ........................................... passed
* def payload = read("data/jobEntry.json") ................................ passed
And request payload ....................................................... passed
When method post .......................................................... passed
Then status 201 ........................................................... passed
And print response ........................................................ passed
And match response.jobTitle == 'Software Engg - Part2' .................... passed
* def actualJobID = response.jobId ........................................ passed
Given url "http://localhost:9897" ......................................... passed
And headers {Accept : 'application/json', Content-Type : 'application/json'} . passed
* def postResp = call read("createJobEntry.feature@tag2") ................. passed
* def jobId = postResp.actualJobID ........................................ passed
And path '/normal/webapi/remove/'+jobId ................................... passed
And method delete ......................................................... passed
And status 200 ............................................................ passed
Given url "http://localhost:9897" ......................................... passed
And headers {Accept : 'application/json', Content-Type : 'application/json'} . passed
Given path '/normal/webapi/add' ........................................... passed
And request { 		"jobId": 2, 		"jobTitle": "Software Engg - Part2", 		"project": [ 			{ 				"technology": [ 					"Kotlin", 					"SQL Lite", 					"Gradle", 					"No Sql" 				], 				"projectName": "Movie App" 			} 		], 		"jobDescription": "To develop andriod application", 		"experience": [ 			"Google", 			"Apple", 			"Mobile Iron", 			"Facebook" 		] 	} . passed
When method post .......................................................... passed
Then status 201 ........................................................... passed
And print response ........................................................ passed
And match response.jobTitle == "Software Engg - Part2" .................... passed
* def actualJobID = 2 ..................................................... passed
And path '/normal/webapi/remove/'+actualJobID ............................. passed
And method delete ......................................................... passed
And status 200 ............................................................ passed</system-out>
  </testcase>
  <testcase classname="com.api.automation.postRequest.createJobEntry" name="Create a job entry using multiple data parameterization" time="0.11525">
    <system-out>Given url "http://localhost:9897" ......................................... passed
And headers {Accept : 'application/json', Content-Type : 'application/json'} . passed
Given path '/normal/webapi/add' ........................................... passed
And request { 		"jobId": 5, 		"jobTitle": "Software Engg - Part2", 		"project": [ 			{ 				"technology": [ 					"Kotlin", 					"SQL Lite", 					"Gradle", 					"No Sql" 				], 				"projectName": "Movie App" 			} 		], 		"jobDescription": "To develop andriod application", 		"experience": [ 			"Google", 			"Apple", 			"Mobile Iron", 			"Facebook" 		] 	} . passed
When method post .......................................................... passed
Then status 201 ........................................................... passed
And print response ........................................................ passed
And match response.jobTitle == 'Software Engg - Part2' .................... passed
* def actualJobID = response.jobId ........................................ passed
Given url "http://localhost:9897" ......................................... passed
And headers {Accept : 'application/json', Content-Type : 'application/json'} . passed
* def postResp = call read("createJobEntry.feature@tag1") ................. passed
* def jobId = postResp.actualJobID ........................................ passed
And path '/normal/webapi/remove/'+jobId ................................... passed
When method delete ........................................................ passed
Then status 200 ........................................................... failed

Stack Trace:
com.intuit.karate.exception.KarateException: createJobEntry.feature:25 - status code was: 404, expected: 200, response time: 222, url: http://localhost:9897/normal/webapi/remove/5, response: {"message":"Entry with id = 5 not found"}&#13;
	at ✽.Then status 200 (createJobEntry.feature:25)&#13;

Given url "http://localhost:9897" ......................................... passed
And headers {Accept : 'application/json', Content-Type : 'application/json'} . passed
Given path '/normal/webapi/add' ........................................... passed
* def payload = read("data/jobEntry.json") ................................ passed
And request payload ....................................................... passed
When method post .......................................................... passed
Then status 201 ........................................................... passed
And print response ........................................................ passed
And match response.jobTitle == 'Software Engg - Part2' .................... passed
* def actualJobID = response.jobId ........................................ passed
Given url "http://localhost:9897" ......................................... passed
And headers {Accept : 'application/json', Content-Type : 'application/json'} . passed
* def postResp = call read("createJobEntry.feature@tag2") ................. passed
* def jobId = postResp.actualJobID ........................................ passed
And path '/normal/webapi/remove/'+jobId ................................... passed
And method delete ......................................................... passed
And status 200 ............................................................ passed
Given url "http://localhost:9897" ......................................... passed
And headers {Accept : 'application/json', Content-Type : 'application/json'} . passed
Given path '/normal/webapi/add' ........................................... passed
And request { 		"jobId": 2, 		"jobTitle": "Software Engg - Part2", 		"project": [ 			{ 				"technology": [ 					"Kotlin", 					"SQL Lite", 					"Gradle", 					"No Sql" 				], 				"projectName": "Movie App" 			} 		], 		"jobDescription": "To develop andriod application", 		"experience": [ 			"Google", 			"Apple", 			"Mobile Iron", 			"Facebook" 		] 	} . passed
When method post .......................................................... passed
Then status 201 ........................................................... passed
And print response ........................................................ passed
And match response.jobTitle == "Software Engg - Part2" .................... passed
* def actualJobID = 2 ..................................................... passed
And path '/normal/webapi/remove/'+actualJobID ............................. passed
And method delete ......................................................... passed
And status 200 ............................................................ passed
Given url "http://localhost:9897" ......................................... passed
And headers {Accept : 'application/json', Content-Type : 'application/json'} . passed
Given path '/normal/webapi/add' ........................................... passed
And request { 		"jobId": 3, 		"jobTitle": "Software Engg - Part3", 		"project": [ 			{ 				"technology": [ 					"Kotlin", 					"SQL Lite", 					"Gradle", 					"No Sql" 				], 				"projectName": "Movie App" 			} 		], 		"jobDescription": "To develop andriod application", 		"experience": [ 			"Google", 			"Apple", 			"Mobile Iron", 			"Facebook" 		] 	} . passed
When method post .......................................................... passed
Then status 201 ........................................................... passed
And print response ........................................................ passed
And match response.jobTitle == "Software Engg - Part3" .................... passed
* def actualJobID = 3 ..................................................... passed
And path '/normal/webapi/remove/'+actualJobID ............................. passed
And method delete ......................................................... passed
And status 200 ............................................................ passed</system-out>
  </testcase>
  <testcase classname="com.api.automation.postRequest.createJobEntry" name="Create a job entry using multiple data parameterization" time="0.118213">
    <system-out>Given url "http://localhost:9897" ......................................... passed
And headers {Accept : 'application/json', Content-Type : 'application/json'} . passed
Given path '/normal/webapi/add' ........................................... passed
And request { 		"jobId": 5, 		"jobTitle": "Software Engg - Part2", 		"project": [ 			{ 				"technology": [ 					"Kotlin", 					"SQL Lite", 					"Gradle", 					"No Sql" 				], 				"projectName": "Movie App" 			} 		], 		"jobDescription": "To develop andriod application", 		"experience": [ 			"Google", 			"Apple", 			"Mobile Iron", 			"Facebook" 		] 	} . passed
When method post .......................................................... passed
Then status 201 ........................................................... passed
And print response ........................................................ passed
And match response.jobTitle == 'Software Engg - Part2' .................... passed
* def actualJobID = response.jobId ........................................ passed
Given url "http://localhost:9897" ......................................... passed
And headers {Accept : 'application/json', Content-Type : 'application/json'} . passed
* def postResp = call read("createJobEntry.feature@tag1") ................. passed
* def jobId = postResp.actualJobID ........................................ passed
And path '/normal/webapi/remove/'+jobId ................................... passed
When method delete ........................................................ passed
Then status 200 ........................................................... failed

Stack Trace:
com.intuit.karate.exception.KarateException: createJobEntry.feature:25 - status code was: 404, expected: 200, response time: 222, url: http://localhost:9897/normal/webapi/remove/5, response: {"message":"Entry with id = 5 not found"}&#13;
	at ✽.Then status 200 (createJobEntry.feature:25)&#13;

Given url "http://localhost:9897" ......................................... passed
And headers {Accept : 'application/json', Content-Type : 'application/json'} . passed
Given path '/normal/webapi/add' ........................................... passed
* def payload = read("data/jobEntry.json") ................................ passed
And request payload ....................................................... passed
When method post .......................................................... passed
Then status 201 ........................................................... passed
And print response ........................................................ passed
And match response.jobTitle == 'Software Engg - Part2' .................... passed
* def actualJobID = response.jobId ........................................ passed
Given url "http://localhost:9897" ......................................... passed
And headers {Accept : 'application/json', Content-Type : 'application/json'} . passed
* def postResp = call read("createJobEntry.feature@tag2") ................. passed
* def jobId = postResp.actualJobID ........................................ passed
And path '/normal/webapi/remove/'+jobId ................................... passed
And method delete ......................................................... passed
And status 200 ............................................................ passed
Given url "http://localhost:9897" ......................................... passed
And headers {Accept : 'application/json', Content-Type : 'application/json'} . passed
Given path '/normal/webapi/add' ........................................... passed
And request { 		"jobId": 2, 		"jobTitle": "Software Engg - Part2", 		"project": [ 			{ 				"technology": [ 					"Kotlin", 					"SQL Lite", 					"Gradle", 					"No Sql" 				], 				"projectName": "Movie App" 			} 		], 		"jobDescription": "To develop andriod application", 		"experience": [ 			"Google", 			"Apple", 			"Mobile Iron", 			"Facebook" 		] 	} . passed
When method post .......................................................... passed
Then status 201 ........................................................... passed
And print response ........................................................ passed
And match response.jobTitle == "Software Engg - Part2" .................... passed
* def actualJobID = 2 ..................................................... passed
And path '/normal/webapi/remove/'+actualJobID ............................. passed
And method delete ......................................................... passed
And status 200 ............................................................ passed
Given url "http://localhost:9897" ......................................... passed
And headers {Accept : 'application/json', Content-Type : 'application/json'} . passed
Given path '/normal/webapi/add' ........................................... passed
And request { 		"jobId": 3, 		"jobTitle": "Software Engg - Part3", 		"project": [ 			{ 				"technology": [ 					"Kotlin", 					"SQL Lite", 					"Gradle", 					"No Sql" 				], 				"projectName": "Movie App" 			} 		], 		"jobDescription": "To develop andriod application", 		"experience": [ 			"Google", 			"Apple", 			"Mobile Iron", 			"Facebook" 		] 	} . passed
When method post .......................................................... passed
Then status 201 ........................................................... passed
And print response ........................................................ passed
And match response.jobTitle == "Software Engg - Part3" .................... passed
* def actualJobID = 3 ..................................................... passed
And path '/normal/webapi/remove/'+actualJobID ............................. passed
And method delete ......................................................... passed
And status 200 ............................................................ passed
Given url "http://localhost:9897" ......................................... passed
And headers {Accept : 'application/json', Content-Type : 'application/json'} . passed
Given path '/normal/webapi/add' ........................................... passed
And request { 		"jobId": 4, 		"jobTitle": "Software Engg - Part4", 		"project": [ 			{ 				"technology": [ 					"Kotlin", 					"SQL Lite", 					"Gradle", 					"No Sql" 				], 				"projectName": "Movie App" 			} 		], 		"jobDescription": "To develop andriod application", 		"experience": [ 			"Google", 			"Apple", 			"Mobile Iron", 			"Facebook" 		] 	} . passed
When method post .......................................................... passed
Then status 201 ........................................................... passed
And print response ........................................................ passed
And match response.jobTitle == "Software Engg - Part4" .................... passed
* def actualJobID = 4 ..................................................... passed
And path '/normal/webapi/remove/'+actualJobID ............................. passed
And method delete ......................................................... passed
And status 200 ............................................................ passed</system-out>
  </testcase>
  <testcase classname="com.api.automation.postRequest.createJobEntry" name="Create a job entry using multiple data parameterization" time="0.072755">
    <system-out>Given url "http://localhost:9897" ......................................... passed
And headers {Accept : 'application/json', Content-Type : 'application/json'} . passed
Given path '/normal/webapi/add' ........................................... passed
And request { 		"jobId": 5, 		"jobTitle": "Software Engg - Part2", 		"project": [ 			{ 				"technology": [ 					"Kotlin", 					"SQL Lite", 					"Gradle", 					"No Sql" 				], 				"projectName": "Movie App" 			} 		], 		"jobDescription": "To develop andriod application", 		"experience": [ 			"Google", 			"Apple", 			"Mobile Iron", 			"Facebook" 		] 	} . passed
When method post .......................................................... passed
Then status 201 ........................................................... passed
And print response ........................................................ passed
And match response.jobTitle == 'Software Engg - Part2' .................... passed
* def actualJobID = response.jobId ........................................ passed
Given url "http://localhost:9897" ......................................... passed
And headers {Accept : 'application/json', Content-Type : 'application/json'} . passed
* def postResp = call read("createJobEntry.feature@tag1") ................. passed
* def jobId = postResp.actualJobID ........................................ passed
And path '/normal/webapi/remove/'+jobId ................................... passed
When method delete ........................................................ passed
Then status 200 ........................................................... failed

Stack Trace:
com.intuit.karate.exception.KarateException: createJobEntry.feature:25 - status code was: 404, expected: 200, response time: 222, url: http://localhost:9897/normal/webapi/remove/5, response: {"message":"Entry with id = 5 not found"}&#13;
	at ✽.Then status 200 (createJobEntry.feature:25)&#13;

Given url "http://localhost:9897" ......................................... passed
And headers {Accept : 'application/json', Content-Type : 'application/json'} . passed
Given path '/normal/webapi/add' ........................................... passed
* def payload = read("data/jobEntry.json") ................................ passed
And request payload ....................................................... passed
When method post .......................................................... passed
Then status 201 ........................................................... passed
And print response ........................................................ passed
And match response.jobTitle == 'Software Engg - Part2' .................... passed
* def actualJobID = response.jobId ........................................ passed
Given url "http://localhost:9897" ......................................... passed
And headers {Accept : 'application/json', Content-Type : 'application/json'} . passed
* def postResp = call read("createJobEntry.feature@tag2") ................. passed
* def jobId = postResp.actualJobID ........................................ passed
And path '/normal/webapi/remove/'+jobId ................................... passed
And method delete ......................................................... passed
And status 200 ............................................................ passed
Given url "http://localhost:9897" ......................................... passed
And headers {Accept : 'application/json', Content-Type : 'application/json'} . passed
Given path '/normal/webapi/add' ........................................... passed
And request { 		"jobId": 2, 		"jobTitle": "Software Engg - Part2", 		"project": [ 			{ 				"technology": [ 					"Kotlin", 					"SQL Lite", 					"Gradle", 					"No Sql" 				], 				"projectName": "Movie App" 			} 		], 		"jobDescription": "To develop andriod application", 		"experience": [ 			"Google", 			"Apple", 			"Mobile Iron", 			"Facebook" 		] 	} . passed
When method post .......................................................... passed
Then status 201 ........................................................... passed
And print response ........................................................ passed
And match response.jobTitle == "Software Engg - Part2" .................... passed
* def actualJobID = 2 ..................................................... passed
And path '/normal/webapi/remove/'+actualJobID ............................. passed
And method delete ......................................................... passed
And status 200 ............................................................ passed
Given url "http://localhost:9897" ......................................... passed
And headers {Accept : 'application/json', Content-Type : 'application/json'} . passed
Given path '/normal/webapi/add' ........................................... passed
And request { 		"jobId": 3, 		"jobTitle": "Software Engg - Part3", 		"project": [ 			{ 				"technology": [ 					"Kotlin", 					"SQL Lite", 					"Gradle", 					"No Sql" 				], 				"projectName": "Movie App" 			} 		], 		"jobDescription": "To develop andriod application", 		"experience": [ 			"Google", 			"Apple", 			"Mobile Iron", 			"Facebook" 		] 	} . passed
When method post .......................................................... passed
Then status 201 ........................................................... passed
And print response ........................................................ passed
And match response.jobTitle == "Software Engg - Part3" .................... passed
* def actualJobID = 3 ..................................................... passed
And path '/normal/webapi/remove/'+actualJobID ............................. passed
And method delete ......................................................... passed
And status 200 ............................................................ passed
Given url "http://localhost:9897" ......................................... passed
And headers {Accept : 'application/json', Content-Type : 'application/json'} . passed
Given path '/normal/webapi/add' ........................................... passed
And request { 		"jobId": 4, 		"jobTitle": "Software Engg - Part4", 		"project": [ 			{ 				"technology": [ 					"Kotlin", 					"SQL Lite", 					"Gradle", 					"No Sql" 				], 				"projectName": "Movie App" 			} 		], 		"jobDescription": "To develop andriod application", 		"experience": [ 			"Google", 			"Apple", 			"Mobile Iron", 			"Facebook" 		] 	} . passed
When method post .......................................................... passed
Then status 201 ........................................................... passed
And print response ........................................................ passed
And match response.jobTitle == "Software Engg - Part4" .................... passed
* def actualJobID = 4 ..................................................... passed
And path '/normal/webapi/remove/'+actualJobID ............................. passed
And method delete ......................................................... passed
And status 200 ............................................................ passed
Given url "http://localhost:9897" ......................................... passed
And headers {Accept : 'application/json', Content-Type : 'application/json'} . passed
Given path '/normal/webapi/add' ........................................... passed
And request { 		"jobId": 5, 		"jobTitle": "Software Engg - Part5", 		"project": [ 			{ 				"technology": [ 					"Kotlin", 					"SQL Lite", 					"Gradle", 					"No Sql" 				], 				"projectName": "Movie App" 			} 		], 		"jobDescription": "To develop andriod application", 		"experience": [ 			"Google", 			"Apple", 			"Mobile Iron", 			"Facebook" 		] 	} . passed
When method post .......................................................... passed
Then status 201 ........................................................... passed
And print response ........................................................ passed
And match response.jobTitle == "Software Engg - Part5" .................... passed
* def actualJobID = 5 ..................................................... passed
And path '/normal/webapi/remove/'+actualJobID ............................. passed
And method delete ......................................................... passed
And status 200 ............................................................ passed</system-out>
  </testcase>
  <testcase classname="com.api.automation.postRequest.createJobEntry" name="Create a job entry using multiple data parameterization" time="0.117372">
    <system-out>Given url "http://localhost:9897" ......................................... passed
And headers {Accept : 'application/json', Content-Type : 'application/json'} . passed
Given path '/normal/webapi/add' ........................................... passed
And request { 		"jobId": 5, 		"jobTitle": "Software Engg - Part2", 		"project": [ 			{ 				"technology": [ 					"Kotlin", 					"SQL Lite", 					"Gradle", 					"No Sql" 				], 				"projectName": "Movie App" 			} 		], 		"jobDescription": "To develop andriod application", 		"experience": [ 			"Google", 			"Apple", 			"Mobile Iron", 			"Facebook" 		] 	} . passed
When method post .......................................................... passed
Then status 201 ........................................................... passed
And print response ........................................................ passed
And match response.jobTitle == 'Software Engg - Part2' .................... passed
* def actualJobID = response.jobId ........................................ passed
Given url "http://localhost:9897" ......................................... passed
And headers {Accept : 'application/json', Content-Type : 'application/json'} . passed
* def postResp = call read("createJobEntry.feature@tag1") ................. passed
* def jobId = postResp.actualJobID ........................................ passed
And path '/normal/webapi/remove/'+jobId ................................... passed
When method delete ........................................................ passed
Then status 200 ........................................................... failed

Stack Trace:
com.intuit.karate.exception.KarateException: createJobEntry.feature:25 - status code was: 404, expected: 200, response time: 222, url: http://localhost:9897/normal/webapi/remove/5, response: {"message":"Entry with id = 5 not found"}&#13;
	at ✽.Then status 200 (createJobEntry.feature:25)&#13;

Given url "http://localhost:9897" ......................................... passed
And headers {Accept : 'application/json', Content-Type : 'application/json'} . passed
Given path '/normal/webapi/add' ........................................... passed
* def payload = read("data/jobEntry.json") ................................ passed
And request payload ....................................................... passed
When method post .......................................................... passed
Then status 201 ........................................................... passed
And print response ........................................................ passed
And match response.jobTitle == 'Software Engg - Part2' .................... passed
* def actualJobID = response.jobId ........................................ passed
Given url "http://localhost:9897" ......................................... passed
And headers {Accept : 'application/json', Content-Type : 'application/json'} . passed
* def postResp = call read("createJobEntry.feature@tag2") ................. passed
* def jobId = postResp.actualJobID ........................................ passed
And path '/normal/webapi/remove/'+jobId ................................... passed
And method delete ......................................................... passed
And status 200 ............................................................ passed
Given url "http://localhost:9897" ......................................... passed
And headers {Accept : 'application/json', Content-Type : 'application/json'} . passed
Given path '/normal/webapi/add' ........................................... passed
And request { 		"jobId": 2, 		"jobTitle": "Software Engg - Part2", 		"project": [ 			{ 				"technology": [ 					"Kotlin", 					"SQL Lite", 					"Gradle", 					"No Sql" 				], 				"projectName": "Movie App" 			} 		], 		"jobDescription": "To develop andriod application", 		"experience": [ 			"Google", 			"Apple", 			"Mobile Iron", 			"Facebook" 		] 	} . passed
When method post .......................................................... passed
Then status 201 ........................................................... passed
And print response ........................................................ passed
And match response.jobTitle == "Software Engg - Part2" .................... passed
* def actualJobID = 2 ..................................................... passed
And path '/normal/webapi/remove/'+actualJobID ............................. passed
And method delete ......................................................... passed
And status 200 ............................................................ passed
Given url "http://localhost:9897" ......................................... passed
And headers {Accept : 'application/json', Content-Type : 'application/json'} . passed
Given path '/normal/webapi/add' ........................................... passed
And request { 		"jobId": 3, 		"jobTitle": "Software Engg - Part3", 		"project": [ 			{ 				"technology": [ 					"Kotlin", 					"SQL Lite", 					"Gradle", 					"No Sql" 				], 				"projectName": "Movie App" 			} 		], 		"jobDescription": "To develop andriod application", 		"experience": [ 			"Google", 			"Apple", 			"Mobile Iron", 			"Facebook" 		] 	} . passed
When method post .......................................................... passed
Then status 201 ........................................................... passed
And print response ........................................................ passed
And match response.jobTitle == "Software Engg - Part3" .................... passed
* def actualJobID = 3 ..................................................... passed
And path '/normal/webapi/remove/'+actualJobID ............................. passed
And method delete ......................................................... passed
And status 200 ............................................................ passed
Given url "http://localhost:9897" ......................................... passed
And headers {Accept : 'application/json', Content-Type : 'application/json'} . passed
Given path '/normal/webapi/add' ........................................... passed
And request { 		"jobId": 4, 		"jobTitle": "Software Engg - Part4", 		"project": [ 			{ 				"technology": [ 					"Kotlin", 					"SQL Lite", 					"Gradle", 					"No Sql" 				], 				"projectName": "Movie App" 			} 		], 		"jobDescription": "To develop andriod application", 		"experience": [ 			"Google", 			"Apple", 			"Mobile Iron", 			"Facebook" 		] 	} . passed
When method post .......................................................... passed
Then status 201 ........................................................... passed
And print response ........................................................ passed
And match response.jobTitle == "Software Engg - Part4" .................... passed
* def actualJobID = 4 ..................................................... passed
And path '/normal/webapi/remove/'+actualJobID ............................. passed
And method delete ......................................................... passed
And status 200 ............................................................ passed
Given url "http://localhost:9897" ......................................... passed
And headers {Accept : 'application/json', Content-Type : 'application/json'} . passed
Given path '/normal/webapi/add' ........................................... passed
And request { 		"jobId": 5, 		"jobTitle": "Software Engg - Part5", 		"project": [ 			{ 				"technology": [ 					"Kotlin", 					"SQL Lite", 					"Gradle", 					"No Sql" 				], 				"projectName": "Movie App" 			} 		], 		"jobDescription": "To develop andriod application", 		"experience": [ 			"Google", 			"Apple", 			"Mobile Iron", 			"Facebook" 		] 	} . passed
When method post .......................................................... passed
Then status 201 ........................................................... passed
And print response ........................................................ passed
And match response.jobTitle == "Software Engg - Part5" .................... passed
* def actualJobID = 5 ..................................................... passed
And path '/normal/webapi/remove/'+actualJobID ............................. passed
And method delete ......................................................... passed
And status 200 ............................................................ passed
Given url "http://localhost:9897" ......................................... passed
And headers {Accept : 'application/json', Content-Type : 'application/json'} . passed
Given path '/normal/webapi/add' ........................................... passed
And request { 		"jobId": 6, 		"jobTitle": "Software Engg - Part6", 		"project": [ 			{ 				"technology": [ 					"Kotlin", 					"SQL Lite", 					"Gradle", 					"No Sql" 				], 				"projectName": "Movie App" 			} 		], 		"jobDescription": "To develop andriod application", 		"experience": [ 			"Google", 			"Apple", 			"Mobile Iron", 			"Facebook" 		] 	} . passed
When method post .......................................................... passed
Then status 201 ........................................................... passed
And print response ........................................................ passed
And match response.jobTitle == "Software Engg - Part6" .................... passed
* def actualJobID = 6 ..................................................... passed
And path '/normal/webapi/remove/'+actualJobID ............................. passed
And method delete ......................................................... passed
And status 200 ............................................................ passed</system-out>
  </testcase>
</testsuite>
