<testsuite failures="0" name="com/api/automation/getrequest/getRequestJsonArrayValidation.feature" skipped="0" tests="1" time="0.189791">
  <testcase classname="com.api.automation.getrequest.getRequestJsonArrayValidation" name="To get all the data from the application in JSON format and perform json array validation" time="0.189791">
    <system-out>Given url 'http://localhost:9897' ......................................... passed
And print "=================Background step should execute first==================" . passed
Given path '/normal/webapi/all' ........................................... passed
And header Accept = 'application/json' .................................... passed
When method get ........................................................... passed
Then status 200 ........................................................... passed
And print response ........................................................ passed
And match response.[0].jobId == 1 ......................................... passed
And match response.[0].jobTitle == 'Software Engg' ........................ passed
And match response.[0].project[0].technology[0] == 'Kotlin' ............... passed
And match response.[0].project[0].technology[1] == 'SQL Lite' ............. passed
And match response.[0].project[0].technology[2] == 'Gradle' ............... passed
And match response.[0].experience[0] == 'Google' .......................... passed
And match response.[0].experience[1] == 'Apple' ........................... passed
And match response.[0].experience[2] == 'Mobile Iron' ..................... passed
And match response.[0].project[0].technology == '#[3]' .................... passed
And match response.[0].experience == '#[3]' ............................... passed
And match response.[0].project[0].technology[*] contains ['SQL Lite'] ..... passed
And match response.[0].project[0].technology[*] contains ['SQL Lite','Kotlin'] . passed
And match response.[0].project[0].technology[*] == ['Kotlin', 'SQL Lite', 'Gradle'] . passed</system-out>
  </testcase>
</testsuite>
