<testsuite failures="1" name="com/api/automation/CreateJobEntryReusableWithVariables.feature" skipped="0" tests="1" time="0.012759">
  <testcase classname="com.api.automation.CreateJobEntryReusableWithVariables" name="1" time="0.012759">
    <failure message="-unknown-:3 - evaluation (js) failed: _url, javax.script.ScriptException: ReferenceError: &quot;_url&quot; is not defined in &lt;eval&gt; at line number 1&#10;stack trace: jdk.scripting.nashorn/jdk.nashorn.api.scripting.NashornScriptEngine.throwAsScriptException(NashornScriptEngine.java:477)">Given url _url ............................................................ failed

Stack Trace:
com.intuit.karate.exception.KarateException: -unknown-:3 - evaluation (js) failed: _url, javax.script.ScriptException: ReferenceError: "_url" is not defined in &lt;eval&gt; at line number 1
stack trace: jdk.scripting.nashorn/jdk.nashorn.api.scripting.NashornScriptEngine.throwAsScriptException(NashornScriptEngine.java:477)&#13;
	at âœ½.Given url _url (-unknown-:3)&#13;

And headers {Accept : 'application/json', Content-Type : 'application/json'} . skipped
Given path _path .......................................................... skipped
And print " url :: ", _url ................................................ skipped
And print " path :: ", _path .............................................. skipped
And print " id :: ", _id .................................................. skipped
And request { 		"jobId": '#(_id)', 		"jobTitle": "Software Engg - Part2", 		"project": [ 			{ 				"technology": [ 					"Kotlin", 					"SQL Lite", 					"Gradle", 					"No Sql" 				], 				"projectName": "Movie App" 			} 		], 		"jobDescription": "To develop andriod application", 		"experience": [ 			"Google", 			"Apple", 			"Mobile Iron", 			"Facebook" 		] 	} . skipped
When method post .......................................................... skipped
Then status 201 ........................................................... skipped
* def responseJobId = response.jobId ...................................... skipped</failure>
  </testcase>
</testsuite>
