<testsuite failures="2" name="com/api/automation/endtoend/e2e.feature" skipped="0" tests="5" time="1.08815">
  <testcase classname="com.api.automation.endtoend.e2e" name="Test the post end point to create a job entry" time="0.536805">
    <system-out>Given url 'http://localhost:9897/' ........................................ passed
And headers {Accept:'application/json', Content-Type:'application/json'} .. passed
Given path 'normal/webapi/add' ............................................ passed
* def payload = read("e2eData/e2eData.json") .............................. passed
And request payload ....................................................... passed
When method post .......................................................... passed
Then status 201 ........................................................... passed
* def actualJobId = response.jobId ........................................ passed</system-out>
  </testcase>
  <testcase classname="com.api.automation.endtoend.e2e" name="Test the get end point to validate the job entry" time="0.020497">
    <system-out>Given url 'http://localhost:9897/' ........................................ passed
And headers {Accept:'application/json', Content-Type:'application/json'} .. passed
Given path 'normal/webapi/add' ............................................ passed
* def payload = read("e2eData/e2eData.json") .............................. passed
And request payload ....................................................... passed
When method post .......................................................... passed
Then status 201 ........................................................... passed
* def actualJobId = response.jobId ........................................ passed
Given url 'http://localhost:9897/' ........................................ passed
And headers {Accept:'application/json', Content-Type:'application/json'} .. passed
Given path 'normal/webapi/all' ............................................ passed
When method get ........................................................... passed
Then status 200 ........................................................... passed
And print response ........................................................ passed
And match response.[*].jobTitle contains 'Software Engg - Part2' .......... passed</system-out>
  </testcase>
  <testcase classname="com.api.automation.endtoend.e2e" name="Test the put end point to update the job entry" time="0.232789">
    <failure message="e2e.feature:30 - status code was: 404, expected: 200, response time: 131, url: http://localhost:9897/normal/webapi/update, response: {&quot;message&quot;:&quot;Failed to update Entry [jobId=2, jobTitle=Software Engg, jobDescription=To develop andriod application and web application, experience=[Ljava.lang.Object;@2c17544e, project=[[projectName=Movie App, technology=[Kotlin, SQL Lite, Gradle]], [projectName=Web App, technology=[Selenium, UFT, RPA]]]]&quot;}">Given url 'http://localhost:9897/' ........................................ passed
And headers {Accept:'application/json', Content-Type:'application/json'} .. passed
Given path 'normal/webapi/add' ............................................ passed
* def payload = read("e2eData/e2eData.json") .............................. passed
And request payload ....................................................... passed
When method post .......................................................... passed
Then status 201 ........................................................... passed
* def actualJobId = response.jobId ........................................ passed
Given url 'http://localhost:9897/' ........................................ passed
And headers {Accept:'application/json', Content-Type:'application/json'} .. passed
Given path 'normal/webapi/all' ............................................ passed
When method get ........................................................... passed
Then status 200 ........................................................... passed
And print response ........................................................ passed
And match response.[*].jobTitle contains 'Software Engg - Part2' .......... passed
Given url 'http://localhost:9897/' ........................................ passed
And headers {Accept:'application/json', Content-Type:'application/json'} .. passed
* def postResp = call read("e2e.feature@tag1") ............................ passed
* def jobID = postResp.actualJobId ........................................ passed
When path 'normal/webapi/update' .......................................... passed
* def payload = read("e2eData/e2eDataUpdate.json") ........................ passed
And request payload ....................................................... passed
When method put ........................................................... passed
Then status 200 ........................................................... failed

Stack Trace:
com.intuit.karate.exception.KarateException: e2e.feature:30 - status code was: 404, expected: 200, response time: 131, url: http://localhost:9897/normal/webapi/update, response: {"message":"Failed to update Entry [jobId=2, jobTitle=Software Engg, jobDescription=To develop andriod application and web application, experience=[Ljava.lang.Object;@2c17544e, project=[[projectName=Movie App, technology=[Kotlin, SQL Lite, Gradle]], [projectName=Web App, technology=[Selenium, UFT, RPA]]]]"}&#13;
	at ✽.Then status 200 (e2e.feature:30)</failure>
  </testcase>
  <testcase classname="com.api.automation.endtoend.e2e" name="Test the delete end point to delete the job entry" time="0.191028">
    <system-out>Given url 'http://localhost:9897/' ........................................ passed
And headers {Accept:'application/json', Content-Type:'application/json'} .. passed
Given path 'normal/webapi/add' ............................................ passed
* def payload = read("e2eData/e2eData.json") .............................. passed
And request payload ....................................................... passed
When method post .......................................................... passed
Then status 201 ........................................................... passed
* def actualJobId = response.jobId ........................................ passed
Given url 'http://localhost:9897/' ........................................ passed
And headers {Accept:'application/json', Content-Type:'application/json'} .. passed
Given path 'normal/webapi/all' ............................................ passed
When method get ........................................................... passed
Then status 200 ........................................................... passed
And print response ........................................................ passed
And match response.[*].jobTitle contains 'Software Engg - Part2' .......... passed
Given url 'http://localhost:9897/' ........................................ passed
And headers {Accept:'application/json', Content-Type:'application/json'} .. passed
* def postResp = call read("e2e.feature@tag1") ............................ passed
* def jobID = postResp.actualJobId ........................................ passed
When path 'normal/webapi/update' .......................................... passed
* def payload = read("e2eData/e2eDataUpdate.json") ........................ passed
And request payload ....................................................... passed
When method put ........................................................... passed
Then status 200 ........................................................... failed

Stack Trace:
com.intuit.karate.exception.KarateException: e2e.feature:30 - status code was: 404, expected: 200, response time: 131, url: http://localhost:9897/normal/webapi/update, response: {"message":"Failed to update Entry [jobId=2, jobTitle=Software Engg, jobDescription=To develop andriod application and web application, experience=[Ljava.lang.Object;@2c17544e, project=[[projectName=Movie App, technology=[Kotlin, SQL Lite, Gradle]], [projectName=Web App, technology=[Selenium, UFT, RPA]]]]"}&#13;
	at ✽.Then status 200 (e2e.feature:30)&#13;

Given url 'http://localhost:9897/' ........................................ passed
And headers {Accept:'application/json', Content-Type:'application/json'} .. passed
* def postResp = call read("e2e.feature@tag1") ............................ passed
* def jobID = postResp.actualJobId ........................................ passed
Given path 'normal/webapi/remove/'+jobID .................................. passed
When method delete ........................................................ passed
Then status 200 ........................................................... passed</system-out>
  </testcase>
  <testcase classname="com.api.automation.endtoend.e2e" name="Test the get end point to validate the job entry not present" time="0.107032">
    <failure message="e2e.feature:44 - path: $.[*].jobTitle[*], actual: [&quot;Software Engg&quot;,&quot;Software Engg - Part2&quot;], NOT expected: 'Software Engg - Part2', reason: actual value contains unexpected">Given url 'http://localhost:9897/' ........................................ passed
And headers {Accept:'application/json', Content-Type:'application/json'} .. passed
Given path 'normal/webapi/add' ............................................ passed
* def payload = read("e2eData/e2eData.json") .............................. passed
And request payload ....................................................... passed
When method post .......................................................... passed
Then status 201 ........................................................... passed
* def actualJobId = response.jobId ........................................ passed
Given url 'http://localhost:9897/' ........................................ passed
And headers {Accept:'application/json', Content-Type:'application/json'} .. passed
Given path 'normal/webapi/all' ............................................ passed
When method get ........................................................... passed
Then status 200 ........................................................... passed
And print response ........................................................ passed
And match response.[*].jobTitle contains 'Software Engg - Part2' .......... passed
Given url 'http://localhost:9897/' ........................................ passed
And headers {Accept:'application/json', Content-Type:'application/json'} .. passed
* def postResp = call read("e2e.feature@tag1") ............................ passed
* def jobID = postResp.actualJobId ........................................ passed
When path 'normal/webapi/update' .......................................... passed
* def payload = read("e2eData/e2eDataUpdate.json") ........................ passed
And request payload ....................................................... passed
When method put ........................................................... passed
Then status 200 ........................................................... failed

Stack Trace:
com.intuit.karate.exception.KarateException: e2e.feature:30 - status code was: 404, expected: 200, response time: 131, url: http://localhost:9897/normal/webapi/update, response: {"message":"Failed to update Entry [jobId=2, jobTitle=Software Engg, jobDescription=To develop andriod application and web application, experience=[Ljava.lang.Object;@2c17544e, project=[[projectName=Movie App, technology=[Kotlin, SQL Lite, Gradle]], [projectName=Web App, technology=[Selenium, UFT, RPA]]]]"}&#13;
	at ✽.Then status 200 (e2e.feature:30)&#13;

Given url 'http://localhost:9897/' ........................................ passed
And headers {Accept:'application/json', Content-Type:'application/json'} .. passed
* def postResp = call read("e2e.feature@tag1") ............................ passed
* def jobID = postResp.actualJobId ........................................ passed
Given path 'normal/webapi/remove/'+jobID .................................. passed
When method delete ........................................................ passed
Then status 200 ........................................................... passed
Given url 'http://localhost:9897/' ........................................ passed
And headers {Accept:'application/json', Content-Type:'application/json'} .. passed
Given path 'normal/webapi/all' ............................................ passed
When method get ........................................................... passed
Then status 200 ........................................................... passed
And print response ........................................................ passed
And match response.[*].jobTitle !contains 'Software Engg - Part2' ......... failed

Stack Trace:
com.intuit.karate.exception.KarateException: e2e.feature:44 - path: $.[*].jobTitle[*], actual: ["Software Engg","Software Engg - Part2"], NOT expected: 'Software Engg - Part2', reason: actual value contains unexpected&#13;
	at ✽.And match response.[*].jobTitle !contains 'Software Engg - Part2' (e2e.feature:44)</failure>
  </testcase>
</testsuite>
