<testsuite failures="0" name="com/api/automation/postRequest/createJobEntryEmbeededExpression.feature" skipped="0" tests="1" time="0.141618">
  <testcase classname="com.api.automation.postRequest.createJobEntryEmbeededExpression" name="Create a job entry using embedded expression" time="0.141618">
    <system-out>Given url "http://localhost:9897" ......................................... passed
And headers {Accept : 'application/json', Content-Type : 'application/json'} . passed
Given path '/normal/webapi/add' ........................................... passed
* def jobId = function() {return Math.floor((100) * Math.random());} ...... passed
And request { 		"jobId": '#(jobId())', 		"jobTitle": "Software Engg - Part2", 		"project": [ 			{ 				"technology": [ 					"Kotlin", 					"SQL Lite", 					"Gradle", 					"No Sql" 				], 				"projectName": "Movie App" 			} 		], 		"jobDescription": "To develop andriod application", 		"experience": [ 			"Google", 			"Apple", 			"Mobile Iron", 			"Facebook" 		] 	} . passed
When method post .......................................................... passed
Then status 201 ........................................................... passed
And print response ........................................................ passed
And match response.jobTitle == 'Software Engg - Part2' .................... passed
* def actualJobID = response.jobId ........................................ passed
And path '/normal/webapi/remove/'+actualJobID ............................. passed
And method delete ......................................................... passed
And status 200 ............................................................ passed</system-out>
  </testcase>
</testsuite>
